<?xml version="1.0" encoding="UTF-8"?>
<Site BuildName="Win32-ninja"
	BuildStamp="20260421-0851-Experimental"
	Name="DESKTOP-K6PRBI2"
	Generator="ctest-4.1.0"
	CompilerName="C:/Program Files/Microsoft Visual Studio/18/Community/VC/Tools/MSVC/14.50.35717/bin/Hostx64/x64/cl.exe"
	CompilerVersion="19.50.35729.0"
	OSName="Windows"
	Hostname="DESKTOP-K6PRBI2"
	OSRelease=" Personal"
	OSVersion=" (Build 19045)"
	OSPlatform="AMD64"
	Is64Bits="1"
	VendorString="GenuineIntel"
	VendorID="Intel Corporation"
	FamilyID="6"
	ModelID="14"
	ModelName=""
	ProcessorCacheSize="-1"
	NumberOfLogicalCPU="4"
	NumberOfPhysicalCPU="2"
	TotalVirtualMemory="16986"
	TotalPhysicalMemory="12122"
	LogicalProcessorsPerPhysical="2"
	ProcessorClockFrequency="2592"
	>
	<Testing>
		<StartDateTime>Apr 21 15:56 SE Asia Standard Time</StartDateTime>
		<StartTestTime>1776761785</StartTestTime>
		<TestList/>
		<EndDateTime>Apr 21 15:56 SE Asia Standard Time</EndDateTime>
		<EndTestTime>1776761785</EndTestTime>
		<ElapsedMinutes>0</ElapsedMinutes>
	</Testing>
</Site>
